# JRE version: OpenJDK Runtime Environment Temurin-17.0.8.1+1 (17.0.8.1+1) (build 17.0.8.1+1)
# Java VM: OpenJDK 64-Bit Server VM Temurin-17.0.8.1+1 (17.0.8.1+1, mixed mode, emulated-client, tiered, compressed oops, compressed class ptrs, g1 gc, windows-amd64)
GC Precious Log:
 CPUs: 8 total, 8 available
 Memory: 7882M
 Large Page Support: Disabled
 NUMA Support: Disabled
 Compressed Oops: Enabled (32-bit)
 Heap Region Size: 1M
 Heap Min Capacity: 8M
 Heap Initial Capacity: 124M
 Heap Max Capacity: 1G
 Pre-touch: Disabled
 Parallel Workers: 8
 Concurrent Workers: 2
 Concurrent Refinement Workers: 8
 Periodic GC: Disabled
Heap:
 garbage-first heap   total 58368K, used 17393K [0x00000000c0000000, 0x0000000100000000)
  region size 1024K, 1 young (1024K), 0 survivors (0K)
 Metaspace       used 38902K, committed 39488K, reserved 1114112K
  class space    used 5142K, committed 5376K, reserved 1048576K
GC Heap History (20 events):
Event: 9.120 GC heap before
{Heap before GC invocations=0 (full 0):
 garbage-first heap   total 126976K, used 22528K [0x00000000c0000000, 0x0000000100000000)
  region size 1024K, 23 young (23552K), 0 survivors (0K)
 Metaspace       used 8954K, committed 9088K, reserved 1114112K
  class space    used 1048K, committed 1088K, reserved 1048576K
}
Event: 9.190 GC heap after
{Heap after GC invocations=1 (full 0):
 garbage-first heap   total 126976K, used 8844K [0x00000000c0000000, 0x0000000100000000)
  region size 1024K, 3 young (3072K), 3 survivors (3072K)
 Metaspace       used 8954K, committed 9088K, reserved 1114112K
  class space    used 1048K, committed 1088K, reserved 1048576K
}
Event: 11.043 GC heap before
{Heap before GC invocations=1 (full 0):
 garbage-first heap   total 126976K, used 31372K [0x00000000c0000000, 0x0000000100000000)
  region size 1024K, 26 young (26624K), 3 survivors (3072K)
 Metaspace       used 16029K, committed 16192K, reserved 1114112K
  class space    used 1993K, committed 2048K, reserved 1048576K
}
Event: 11.062 GC heap after
{Heap after GC invocations=2 (full 0):
 garbage-first heap   total 126976K, used 11926K [0x00000000c0000000, 0x0000000100000000)
  region size 1024K, 3 young (3072K), 3 survivors (3072K)
 Metaspace       used 16029K, committed 16192K, reserved 1114112K
  class space    used 1993K, committed 2048K, reserved 1048576K
}
Event: 12.177 GC heap before
{Heap before GC invocations=2 (full 0):
 garbage-first heap   total 126976K, used 34454K [0x00000000c0000000, 0x0000000100000000)
  region size 1024K, 27 young (27648K), 3 survivors (3072K)
 Metaspace       used 21277K, committed 21504K, reserved 1114112K
  class space    used 2642K, committed 2752K, reserved 1048576K
}
Event: 12.189 GC heap after
{Heap after GC invocations=3 (full 0):
 garbage-first heap   total 126976K, used 14086K [0x00000000c0000000, 0x0000000100000000)
  region size 1024K, 3 young (3072K), 3 survivors (3072K)
 Metaspace       used 21277K, committed 21504K, reserved 1114112K
  class space    used 2642K, committed 2752K, reserved 1048576K
}
Event: 13.299 GC heap before
{Heap before GC invocations=4 (full 0):
 garbage-first heap   total 58368K, used 41734K [0x00000000c0000000, 0x0000000100000000)
  region size 1024K, 32 young (32768K), 3 survivors (3072K)
 Metaspace       used 27019K, committed 27328K, reserved 1114112K
  class space    used 3378K, committed 3520K, reserved 1048576K
}
Event: 13.309 GC heap after
{Heap after GC invocations=5 (full 0):
 garbage-first heap   total 58368K, used 16115K [0x00000000c0000000, 0x0000000100000000)
  region size 1024K, 5 young (5120K), 5 survivors (5120K)
 Metaspace       used 27019K, committed 27328K, reserved 1114112K
  class space    used 3378K, committed 3520K, reserved 1048576K
}
Event: 13.327 GC heap before
{Heap before GC invocations=5 (full 0):
 garbage-first heap   total 58368K, used 16115K [0x00000000c0000000, 0x0000000100000000)
  region size 1024K, 6 young (6144K), 5 survivors (5120K)
 Metaspace       used 27177K, committed 27456K, reserved 1114112K
  class space    used 3390K, committed 3520K, reserved 1048576K
}
Event: 13.336 GC heap after
{Heap after GC invocations=6 (full 0):
 garbage-first heap   total 58368K, used 16566K [0x00000000c0000000, 0x0000000100000000)
  region size 1024K, 1 young (1024K), 1 survivors (1024K)
 Metaspace       used 27177K, committed 27456K, reserved 1114112K
  class space    used 3390K, committed 3520K, reserved 1048576K
}
Event: 15.005 GC heap before
{Heap before GC invocations=6 (full 0):
 garbage-first heap   total 58368K, used 36022K [0x00000000c0000000, 0x0000000100000000)
  region size 1024K, 21 young (21504K), 1 survivors (1024K)
 Metaspace       used 30209K, committed 30592K, reserved 1114112K
  class space    used 3796K, committed 3968K, reserved 1048576K
}
Event: 15.012 GC heap after
{Heap after GC invocations=7 (full 0):
 garbage-first heap   total 58368K, used 17941K [0x00000000c0000000, 0x0000000100000000)
  region size 1024K, 3 young (3072K), 3 survivors (3072K)
 Metaspace       used 30209K, committed 30592K, reserved 1114112K
  class space    used 3796K, committed 3968K, reserved 1048576K
}
Event: 16.258 GC heap before
{Heap before GC invocations=7 (full 0):
 garbage-first heap   total 58368K, used 37397K [0x00000000c0000000, 0x0000000100000000)
  region size 1024K, 23 young (23552K), 3 survivors (3072K)
 Metaspace       used 32879K, committed 33216K, reserved 1114112K
  class space    used 4204K, committed 4352K, reserved 1048576K
}
Event: 16.281 GC heap after
{Heap after GC invocations=8 (full 0):
 garbage-first heap   total 58368K, used 20315K [0x00000000c0000000, 0x0000000100000000)
  region size 1024K, 3 young (3072K), 3 survivors (3072K)
 Metaspace       used 32879K, committed 33216K, reserved 1114112K
  class space    used 4204K, committed 4352K, reserved 1048576K
}
Event: 20.868 GC heap before
{Heap before GC invocations=8 (full 0):
 garbage-first heap   total 58368K, used 32603K [0x00000000c0000000, 0x0000000100000000)
  region size 1024K, 16 young (16384K), 3 survivors (3072K)
 Metaspace       used 35656K, committed 35968K, reserved 1114112K
  class space    used 4614K, committed 4736K, reserved 1048576K
}
Event: 20.898 GC heap after
{Heap after GC invocations=9 (full 0):
 garbage-first heap   total 58368K, used 21488K [0x00000000c0000000, 0x0000000100000000)
  region size 1024K, 2 young (2048K), 2 survivors (2048K)
 Metaspace       used 35656K, committed 35968K, reserved 1114112K
  class space    used 4614K, committed 4736K, reserved 1048576K
}
Event: 95.082 GC heap before
{Heap before GC invocations=10 (full 0):
 garbage-first heap   total 58368K, used 38896K [0x00000000c0000000, 0x0000000100000000)
  region size 1024K, 20 young (20480K), 2 survivors (2048K)
 Metaspace       used 39034K, committed 39488K, reserved 1114112K
  class space    used 5175K, committed 5376K, reserved 1048576K
}
Event: 95.699 GC heap after
{Heap after GC invocations=11 (full 1):
 garbage-first heap   total 58368K, used 20996K [0x00000000c0000000, 0x0000000100000000)
  region size 1024K, 0 young (0K), 0 survivors (0K)
 Metaspace       used 39034K, committed 39488K, reserved 1114112K
  class space    used 5175K, committed 5376K, reserved 1048576K
}
Event: 109.027 GC heap before
{Heap before GC invocations=11 (full 1):
 garbage-first heap   total 58368K, used 20996K [0x00000000c0000000, 0x0000000100000000)
  region size 1024K, 1 young (1024K), 0 survivors (0K)
 Metaspace       used 39034K, committed 39488K, reserved 1114112K
  class space    used 5175K, committed 5376K, reserved 1048576K
}
Event: 111.705 GC heap after
{Heap after GC invocations=12 (full 2):
 garbage-first heap   total 58368K, used 17393K [0x00000000c0000000, 0x0000000100000000)
  region size 1024K, 0 young (0K), 0 survivors (0K)
 Metaspace       used 38902K, committed 39488K, reserved 1114112K
  class space    used 5142K, committed 5376K, reserved 1048576K
}

